TN:
SF:src\bookshopButton\Button.vue
FNF:0
FNH:0
DA:10,6
DA:17,6
DA:24,6
LF:3
LH:3
BRF:0
BRH:0
end_of_record
TN:
SF:src\components\HigherToLower\ValuesComponent.vue
FNF:0
FNH:0
DA:21,2
DA:28,2
DA:29,2
DA:30,2
DA:31,2
DA:34,2
DA:37,2
LF:7
LH:7
BRF:0
BRH:0
end_of_record
TN:
SF:src\components\Palindromes\ValuesComponent.vue
FNF:0
FNH:0
DA:15,2
DA:22,2
DA:23,2
DA:24,2
DA:27,2
DA:31,2
LF:6
LH:6
BRF:0
BRH:0
end_of_record
TN:
SF:src\components\ShowValues\ButtonsComponent.vue
FNF:0
FNH:0
DA:11,3
DA:19,3
DA:24,3
DA:27,3
LF:4
LH:4
BRF:0
BRH:0
end_of_record
TN:
SF:src\components\ShowValues\ValuesComponent.vue
FNF:0
FNH:0
DA:21,3
DA:28,3
DA:29,3
DA:30,3
DA:31,3
DA:34,3
DA:37,3
LF:7
LH:7
BRF:0
BRH:0
end_of_record
TN:
SF:src\components\Sum\ValuesComponent.vue
FNF:0
FNH:0
DA:18,2
DA:25,2
DA:26,2
DA:29,2
DA:32,2
LF:5
LH:5
BRF:0
BRH:0
end_of_record
TN:
SF:src\components\SumNumericValues\ButtonsComponent.vue
FNF:0
FNH:0
DA:11,3
DA:20,3
DA:25,3
DA:28,3
LF:4
LH:4
BRF:0
BRH:0
end_of_record
TN:
SF:src\components\SumNumericValues\ValuesComponent.vue
FNF:0
FNH:0
DA:22,3
DA:29,3
DA:30,3
DA:31,3
DA:32,3
DA:35,3
DA:38,3
DA:41,3
LF:8
LH:8
BRF:0
BRH:0
end_of_record
TN:
SF:src\router\index.ts
FNF:0
FNH:0
DA:1,0
DA:2,0
DA:3,0
DA:4,0
DA:5,0
DA:6,0
DA:7,0
DA:9,0
DA:11,0
DA:39,0
DA:45,0
LF:11
LH:0
BRF:0
BRH:0
end_of_record
TN:
SF:src\utils\tests.helper.ts
FN:3,getWrapperProps
FN:7,(anonymous_1)
FNF:2
FNH:1
FNDA:10,getWrapperProps
FNDA:0,(anonymous_1)
DA:3,10
DA:4,10
DA:7,0
LF:3
LH:2
BRF:0
BRH:0
end_of_record
TN:
SF:src\views\HigherToLower\FormView.vue
FNF:0
FNH:0
DA:27,2
DA:28,2
DA:29,2
DA:69,2
LF:4
LH:4
BRF:0
BRH:0
end_of_record
TN:
SF:src\views\Palindromes\FormView.vue
FNF:0
FNH:0
DA:24,2
DA:25,2
DA:26,2
DA:62,2
LF:4
LH:4
BRF:0
BRH:0
end_of_record
TN:
SF:src\views\ShowValues\FormView.vue
FNF:0
FNH:0
DA:30,3
DA:31,3
DA:32,3
DA:82,3
LF:4
LH:4
BRF:0
BRH:0
end_of_record
TN:
SF:src\views\Sum\FormView.vue
FNF:0
FNH:0
DA:25,2
DA:26,2
DA:27,2
DA:68,2
LF:4
LH:4
BRF:0
BRH:0
end_of_record
TN:
SF:src\views\SumNumericValues\FormView.vue
FNF:0
FNH:0
DA:31,3
DA:32,3
DA:33,3
DA:111,3
LF:4
LH:4
BRF:0
BRH:0
end_of_record
